<?xml version="1.0" encoding="UTF-8"?>
<!-- Generated by org.testng.reporters.JUnitXMLReporter -->
<testsuite ignored="0" hostname="DESKTOP-0AAQTU0" failures="1" tests="3" name="Test" time="21.784" errors="0" timestamp="17 Mar. 2023 23:27:29 GMT">
  <testcase classname="testcases.SimplilearnLoginTest" name="Test1" time="4.092">
    <failure type="java.lang.AssertionError" message="expected [true] but found [false]">
      <![CDATA[java.lang.AssertionError: expected [true] but found [false]
at testcases.SimplilearnLoginTest.Test1(SimplilearnLoginTest.java:33)
... Removed 29 stack frames]]>
    </failure>
  </testcase> <!-- Test1 -->
  <testcase classname="testcases.SimplilearnLoginTest" name="Test2" time="3.022"/>
  <testcase classname="testcases.SimplilearnLoginTest" name="Test3" time="3.487"/>
</testsuite> <!-- Test -->
