<?xml version="1.0" encoding="UTF-8"?>
<!-- Generated by org.testng.reporters.JUnitXMLReporter -->
<testsuite ignored="0" hostname="DESKTOP-0AAQTU0" failures="0" tests="3" name="Test" time="2.071" errors="0" timestamp="17 Mar. 2023 21:00:02 GMT">
  <testcase classname="testcases.BaseClass" name="@BeforeMethod SetUp" time="1.27">
    <failure type="org.openqa.selenium.SessionNotCreatedException" message="session not created: This version of ChromeDriver only supports Chrome version 105
Current browser version is 111.0.5563.65 with binary path C:\Program Files\Google\Chrome\Application\chrome.exe
Build info: version: &amp;apos;3.141.59&amp;apos;, revision: &amp;apos;e82be7d358&amp;apos;, time: &amp;apos;2018-11-14T08:17:03&amp;apos;
System info: host: &amp;apos;DESKTOP-0AAQTU0&amp;apos;, ip: &amp;apos;192.168.2.18&amp;apos;, os.name: &amp;apos;Windows 10&amp;apos;, os.arch: &amp;apos;amd64&amp;apos;, os.version: &amp;apos;10.0&amp;apos;, java.version: &amp;apos;11.0.17&amp;apos;
Driver info: driver.version: ChromeDriver
remote stacktrace: Backtrace:
	Ordinal0 [0x0053DF13+2219795]
	Ordinal0 [0x004D2841+1779777]
	Ordinal0 [0x003E423D+803389]
	Ordinal0 [0x004064AC+943276]
	Ordinal0 [0x004019F0+924144]
	Ordinal0 [0x003FF179+913785]
	Ordinal0 [0x004336B9+1128121]
	Ordinal0 [0x0043331A+1127194]
	Ordinal0 [0x0042E616+1107478]
	Ordinal0 [0x00407F89+950153]
	Ordinal0 [0x00408F56+954198]
	GetHandleVerifier [0x00832CB2+3040210]
	GetHandleVerifier [0x00822BB4+2974420]
	GetHandleVerifier [0x005D6A0A+565546]
	GetHandleVerifier [0x005D5680+560544]
	Ordinal0 [0x004D9A5C+1808988]
	Ordinal0 [0x004DE3A8+1827752]
	Ordinal0 [0x004DE495+1827989]
	Ordinal0 [0x004E80A4+1867940]
	BaseThreadInitThunk [0x768000F9+25]
	RtlGetAppContainerNamedObjectPath [0x77D87BBE+286]
	RtlGetAppContainerNamedObjectPath [0x77D87B8E+238]
">
      <![CDATA[org.openqa.selenium.SessionNotCreatedException: session not created: This version of ChromeDriver only supports Chrome version 105
Current browser version is 111.0.5563.65 with binary path C:\Program Files\Google\Chrome\Application\chrome.exe
Build info: version: '3.141.59', revision: 'e82be7d358', time: '2018-11-14T08:17:03'
System info: host: 'DESKTOP-0AAQTU0', ip: '192.168.2.18', os.name: 'Windows 10', os.arch: 'amd64', os.version: '10.0', java.version: '11.0.17'
Driver info: driver.version: ChromeDriver
remote stacktrace: Backtrace:
Ordinal0 [0x0053DF13+2219795]
Ordinal0 [0x004D2841+1779777]
Ordinal0 [0x003E423D+803389]
Ordinal0 [0x004064AC+943276]
Ordinal0 [0x004019F0+924144]
Ordinal0 [0x003FF179+913785]
Ordinal0 [0x004336B9+1128121]
Ordinal0 [0x0043331A+1127194]
Ordinal0 [0x0042E616+1107478]
Ordinal0 [0x00407F89+950153]
Ordinal0 [0x00408F56+954198]
GetHandleVerifier [0x00832CB2+3040210]
GetHandleVerifier [0x00822BB4+2974420]
GetHandleVerifier [0x005D6A0A+565546]
GetHandleVerifier [0x005D5680+560544]
Ordinal0 [0x004D9A5C+1808988]
Ordinal0 [0x004DE3A8+1827752]
Ordinal0 [0x004DE495+1827989]
Ordinal0 [0x004E80A4+1867940]
BaseThreadInitThunk [0x768000F9+25]
RtlGetAppContainerNamedObjectPath [0x77D87BBE+286]
RtlGetAppContainerNamedObjectPath [0x77D87B8E+238]

at org.openqa.selenium.remote.W3CHandshakeResponse.lambda$errorHandler$0(W3CHandshakeResponse.java:62)
at org.openqa.selenium.remote.HandshakeResponse.lambda$getResponseFunction$0(HandshakeResponse.java:30)
at org.openqa.selenium.remote.ProtocolHandshake.lambda$createSession$0(ProtocolHandshake.java:126)
at java.base/java.util.stream.ReferencePipeline$3$1.accept(ReferencePipeline.java:195)
at java.base/java.util.Spliterators$ArraySpliterator.tryAdvance(Spliterators.java:958)
at java.base/java.util.stream.ReferencePipeline.forEachWithCancel(ReferencePipeline.java:127)
at java.base/java.util.stream.AbstractPipeline.copyIntoWithCancel(AbstractPipeline.java:502)
at java.base/java.util.stream.AbstractPipeline.copyInto(AbstractPipeline.java:488)
at java.base/java.util.stream.AbstractPipeline.wrapAndCopyInto(AbstractPipeline.java:474)
at java.base/java.util.stream.FindOps$FindOp.evaluateSequential(FindOps.java:150)
at java.base/java.util.stream.AbstractPipeline.evaluate(AbstractPipeline.java:234)
at java.base/java.util.stream.ReferencePipeline.findFirst(ReferencePipeline.java:543)
at org.openqa.selenium.remote.ProtocolHandshake.createSession(ProtocolHandshake.java:128)
at org.openqa.selenium.remote.ProtocolHandshake.createSession(ProtocolHandshake.java:74)
at org.openqa.selenium.remote.HttpCommandExecutor.execute(HttpCommandExecutor.java:136)
at org.openqa.selenium.remote.service.DriverCommandExecutor.execute(DriverCommandExecutor.java:83)
at org.openqa.selenium.remote.RemoteWebDriver.execute(RemoteWebDriver.java:552)
at org.openqa.selenium.remote.RemoteWebDriver.startSession(RemoteWebDriver.java:213)
at org.openqa.selenium.remote.RemoteWebDriver.<init>(RemoteWebDriver.java:131)
at org.openqa.selenium.chrome.ChromeDriver.<init>(ChromeDriver.java:181)
at org.openqa.selenium.chrome.ChromeDriver.<init>(ChromeDriver.java:168)
at org.openqa.selenium.chrome.ChromeDriver.<init>(ChromeDriver.java:123)
at testcases.BaseClass.SetUp(BaseClass.java:65)
... Removed 36 stack frames]]>
    </failure>
  </testcase> <!-- @BeforeMethod SetUp -->
  <testcase classname="testcases.BaseClass" name="@AfterMethod TearDown" time="0.0">
    <skipped/>
  </testcase> <!-- @AfterMethod TearDown -->
  <testcase classname="testcases.BaseClass" name="@BeforeMethod SetUp" time="0.0">
    <skipped/>
  </testcase> <!-- @BeforeMethod SetUp -->
  <testcase classname="testcases.BaseClass" name="@AfterMethod TearDown" time="0.0">
    <skipped/>
  </testcase> <!-- @AfterMethod TearDown -->
  <testcase classname="testcases.BaseClass" name="@BeforeMethod SetUp" time="0.0">
    <skipped/>
  </testcase> <!-- @BeforeMethod SetUp -->
  <testcase classname="testcases.BaseClass" name="@AfterMethod TearDown" time="0.0">
    <skipped/>
  </testcase> <!-- @AfterMethod TearDown -->
  <testcase classname="testcases.SimplilearnLoginTest" name="Test1" time="0.0">
    <skipped/>
  </testcase> <!-- Test1 -->
  <testcase classname="testcases.SimplilearnLoginTest" name="Test2" time="0.0">
    <skipped/>
  </testcase> <!-- Test2 -->
  <testcase classname="testcases.SimplilearnLoginTest" name="Test3" time="0.0">
    <skipped/>
  </testcase> <!-- Test3 -->
</testsuite> <!-- Test -->
