<?xml version="1.0" encoding="UTF-8"?>
<testsuite xmlns:xsi="http://www.w3.org/2001/XMLSchema-instance" xsi:noNamespaceSchemaLocation="https://maven.apache.org/surefire/maven-surefire-plugin/xsd/surefire-test-report-3.0.xsd" version="3.0" name="TestSuite" time="2.744" tests="9" errors="0" skipped="8" failures="1">
  <properties>
    <property name="sun.desktop" value="windows"/>
    <property name="awt.toolkit" value="sun.awt.windows.WToolkit"/>
    <property name="java.specification.version" value="11"/>
    <property name="webdriver.chrome.driver" value="chromedriver.exe"/>
    <property name="sun.cpu.isalist" value="amd64"/>
    <property name="sun.jnu.encoding" value="Cp1252"/>
    <property name="java.class.path" value="C:\Grandon\Workspace\AutomationTestingMasterProgram\Selenium_Maven\target\test-classes;C:\Grandon\Workspace\AutomationTestingMasterProgram\Selenium_Maven\target\classes;C:\Users\Becky\.m2\repository\org\seleniumhq\selenium\selenium-java\3.141.59\selenium-java-3.141.59.jar;C:\Users\Becky\.m2\repository\org\seleniumhq\selenium\selenium-api\3.141.59\selenium-api-3.141.59.jar;C:\Users\Becky\.m2\repository\org\seleniumhq\selenium\selenium-chrome-driver\3.141.59\selenium-chrome-driver-3.141.59.jar;C:\Users\Becky\.m2\repository\org\seleniumhq\selenium\selenium-edge-driver\3.141.59\selenium-edge-driver-3.141.59.jar;C:\Users\Becky\.m2\repository\org\seleniumhq\selenium\selenium-firefox-driver\3.141.59\selenium-firefox-driver-3.141.59.jar;C:\Users\Becky\.m2\repository\org\seleniumhq\selenium\selenium-ie-driver\3.141.59\selenium-ie-driver-3.141.59.jar;C:\Users\Becky\.m2\repository\org\seleniumhq\selenium\selenium-opera-driver\3.141.59\selenium-opera-driver-3.141.59.jar;C:\Users\Becky\.m2\repository\org\seleniumhq\selenium\selenium-remote-driver\3.141.59\selenium-remote-driver-3.141.59.jar;C:\Users\Becky\.m2\repository\org\seleniumhq\selenium\selenium-safari-driver\3.141.59\selenium-safari-driver-3.141.59.jar;C:\Users\Becky\.m2\repository\org\seleniumhq\selenium\selenium-support\3.141.59\selenium-support-3.141.59.jar;C:\Users\Becky\.m2\repository\net\bytebuddy\byte-buddy\1.8.15\byte-buddy-1.8.15.jar;C:\Users\Becky\.m2\repository\org\apache\commons\commons-exec\1.3\commons-exec-1.3.jar;C:\Users\Becky\.m2\repository\com\google\guava\guava\25.0-jre\guava-25.0-jre.jar;C:\Users\Becky\.m2\repository\com\google\code\findbugs\jsr305\1.3.9\jsr305-1.3.9.jar;C:\Users\Becky\.m2\repository\org\checkerframework\checker-compat-qual\2.0.0\checker-compat-qual-2.0.0.jar;C:\Users\Becky\.m2\repository\com\google\errorprone\error_prone_annotations\2.1.3\error_prone_annotations-2.1.3.jar;C:\Users\Becky\.m2\repository\com\google\j2objc\j2objc-annotations\1.1\j2objc-annotations-1.1.jar;C:\Users\Becky\.m2\repository\org\codehaus\mojo\animal-sniffer-annotations\1.14\animal-sniffer-annotations-1.14.jar;C:\Users\Becky\.m2\repository\com\squareup\okhttp3\okhttp\3.11.0\okhttp-3.11.0.jar;C:\Users\Becky\.m2\repository\com\squareup\okio\okio\1.14.0\okio-1.14.0.jar;C:\Users\Becky\.m2\repository\org\testng\testng\6.14.3\testng-6.14.3.jar;C:\Users\Becky\.m2\repository\com\beust\jcommander\1.72\jcommander-1.72.jar;C:\Users\Becky\.m2\repository\org\apache-extras\beanshell\bsh\2.0b6\bsh-2.0b6.jar;C:\Users\Becky\.m2\repository\org\apache\poi\poi\4.1.2\poi-4.1.2.jar;C:\Users\Becky\.m2\repository\commons-codec\commons-codec\1.13\commons-codec-1.13.jar;C:\Users\Becky\.m2\repository\org\apache\commons\commons-collections4\4.4\commons-collections4-4.4.jar;C:\Users\Becky\.m2\repository\org\apache\commons\commons-math3\3.6.1\commons-math3-3.6.1.jar;C:\Users\Becky\.m2\repository\com\zaxxer\SparseBitSet\1.2\SparseBitSet-1.2.jar;C:\Users\Becky\.m2\repository\org\apache\poi\poi-ooxml\4.1.2\poi-ooxml-4.1.2.jar;C:\Users\Becky\.m2\repository\org\apache\commons\commons-compress\1.19\commons-compress-1.19.jar;C:\Users\Becky\.m2\repository\com\github\virtuald\curvesapi\1.06\curvesapi-1.06.jar;C:\Users\Becky\.m2\repository\org\apache\poi\poi-ooxml-schemas\4.1.2\poi-ooxml-schemas-4.1.2.jar;C:\Users\Becky\.m2\repository\org\apache\xmlbeans\xmlbeans\3.1.0\xmlbeans-3.1.0.jar;C:\Users\Becky\.m2\repository\com\relevantcodes\extentreports\2.41.2\extentreports-2.41.2.jar;C:\Users\Becky\.m2\repository\org\jsoup\jsoup\1.8.3\jsoup-1.8.3.jar;C:\Users\Becky\.m2\repository\org\xerial\sqlite-jdbc\3.8.11.1\sqlite-jdbc-3.8.11.1.jar;C:\Users\Becky\.m2\repository\org\freemarker\freemarker\2.3.23\freemarker-2.3.23.jar;C:\Users\Becky\.m2\repository\org\mongodb\mongodb-driver\3.0.4\mongodb-driver-3.0.4.jar;C:\Users\Becky\.m2\repository\org\mongodb\bson\3.0.4\bson-3.0.4.jar;C:\Users\Becky\.m2\repository\org\mongodb\mongodb-driver-core\3.0.4\mongodb-driver-core-3.0.4.jar;C:\Users\Becky\.m2\repository\commons-io\commons-io\2.6\commons-io-2.6.jar;"/>
    <property name="java.vm.vendor" value="Oracle Corporation"/>
    <property name="sun.arch.data.model" value="64"/>
    <property name="user.variant" value=""/>
    <property name="java.vendor.url" value="https://openjdk.java.net/"/>
    <property name="user.timezone" value="America/New_York"/>
    <property name="java.vm.specification.version" value="11"/>
    <property name="os.name" value="Windows 10"/>
    <property name="sun.java.launcher" value="SUN_STANDARD"/>
    <property name="user.country" value="CA"/>
    <property name="sun.boot.library.path" value="C:\Program Files\Java\jdk-11.0.17\bin"/>
    <property name="sun.java.command" value="C:\Users\Becky\AppData\Local\Temp\surefire5496727751162304760\surefirebooter12242365160649706648.jar C:\Users\Becky\AppData\Local\Temp\surefire5496727751162304760 2023-03-17T16-59-59_273-jvmRun1 surefire9259634128115290912tmp surefire_05811416993998045862tmp"/>
    <property name="jdk.debug" value="release"/>
    <property name="surefire.test.class.path" value="C:\Grandon\Workspace\AutomationTestingMasterProgram\Selenium_Maven\target\test-classes;C:\Grandon\Workspace\AutomationTestingMasterProgram\Selenium_Maven\target\classes;C:\Users\Becky\.m2\repository\org\seleniumhq\selenium\selenium-java\3.141.59\selenium-java-3.141.59.jar;C:\Users\Becky\.m2\repository\org\seleniumhq\selenium\selenium-api\3.141.59\selenium-api-3.141.59.jar;C:\Users\Becky\.m2\repository\org\seleniumhq\selenium\selenium-chrome-driver\3.141.59\selenium-chrome-driver-3.141.59.jar;C:\Users\Becky\.m2\repository\org\seleniumhq\selenium\selenium-edge-driver\3.141.59\selenium-edge-driver-3.141.59.jar;C:\Users\Becky\.m2\repository\org\seleniumhq\selenium\selenium-firefox-driver\3.141.59\selenium-firefox-driver-3.141.59.jar;C:\Users\Becky\.m2\repository\org\seleniumhq\selenium\selenium-ie-driver\3.141.59\selenium-ie-driver-3.141.59.jar;C:\Users\Becky\.m2\repository\org\seleniumhq\selenium\selenium-opera-driver\3.141.59\selenium-opera-driver-3.141.59.jar;C:\Users\Becky\.m2\repository\org\seleniumhq\selenium\selenium-remote-driver\3.141.59\selenium-remote-driver-3.141.59.jar;C:\Users\Becky\.m2\repository\org\seleniumhq\selenium\selenium-safari-driver\3.141.59\selenium-safari-driver-3.141.59.jar;C:\Users\Becky\.m2\repository\org\seleniumhq\selenium\selenium-support\3.141.59\selenium-support-3.141.59.jar;C:\Users\Becky\.m2\repository\net\bytebuddy\byte-buddy\1.8.15\byte-buddy-1.8.15.jar;C:\Users\Becky\.m2\repository\org\apache\commons\commons-exec\1.3\commons-exec-1.3.jar;C:\Users\Becky\.m2\repository\com\google\guava\guava\25.0-jre\guava-25.0-jre.jar;C:\Users\Becky\.m2\repository\com\google\code\findbugs\jsr305\1.3.9\jsr305-1.3.9.jar;C:\Users\Becky\.m2\repository\org\checkerframework\checker-compat-qual\2.0.0\checker-compat-qual-2.0.0.jar;C:\Users\Becky\.m2\repository\com\google\errorprone\error_prone_annotations\2.1.3\error_prone_annotations-2.1.3.jar;C:\Users\Becky\.m2\repository\com\google\j2objc\j2objc-annotations\1.1\j2objc-annotations-1.1.jar;C:\Users\Becky\.m2\repository\org\codehaus\mojo\animal-sniffer-annotations\1.14\animal-sniffer-annotations-1.14.jar;C:\Users\Becky\.m2\repository\com\squareup\okhttp3\okhttp\3.11.0\okhttp-3.11.0.jar;C:\Users\Becky\.m2\repository\com\squareup\okio\okio\1.14.0\okio-1.14.0.jar;C:\Users\Becky\.m2\repository\org\testng\testng\6.14.3\testng-6.14.3.jar;C:\Users\Becky\.m2\repository\com\beust\jcommander\1.72\jcommander-1.72.jar;C:\Users\Becky\.m2\repository\org\apache-extras\beanshell\bsh\2.0b6\bsh-2.0b6.jar;C:\Users\Becky\.m2\repository\org\apache\poi\poi\4.1.2\poi-4.1.2.jar;C:\Users\Becky\.m2\repository\commons-codec\commons-codec\1.13\commons-codec-1.13.jar;C:\Users\Becky\.m2\repository\org\apache\commons\commons-collections4\4.4\commons-collections4-4.4.jar;C:\Users\Becky\.m2\repository\org\apache\commons\commons-math3\3.6.1\commons-math3-3.6.1.jar;C:\Users\Becky\.m2\repository\com\zaxxer\SparseBitSet\1.2\SparseBitSet-1.2.jar;C:\Users\Becky\.m2\repository\org\apache\poi\poi-ooxml\4.1.2\poi-ooxml-4.1.2.jar;C:\Users\Becky\.m2\repository\org\apache\commons\commons-compress\1.19\commons-compress-1.19.jar;C:\Users\Becky\.m2\repository\com\github\virtuald\curvesapi\1.06\curvesapi-1.06.jar;C:\Users\Becky\.m2\repository\org\apache\poi\poi-ooxml-schemas\4.1.2\poi-ooxml-schemas-4.1.2.jar;C:\Users\Becky\.m2\repository\org\apache\xmlbeans\xmlbeans\3.1.0\xmlbeans-3.1.0.jar;C:\Users\Becky\.m2\repository\com\relevantcodes\extentreports\2.41.2\extentreports-2.41.2.jar;C:\Users\Becky\.m2\repository\org\jsoup\jsoup\1.8.3\jsoup-1.8.3.jar;C:\Users\Becky\.m2\repository\org\xerial\sqlite-jdbc\3.8.11.1\sqlite-jdbc-3.8.11.1.jar;C:\Users\Becky\.m2\repository\org\freemarker\freemarker\2.3.23\freemarker-2.3.23.jar;C:\Users\Becky\.m2\repository\org\mongodb\mongodb-driver\3.0.4\mongodb-driver-3.0.4.jar;C:\Users\Becky\.m2\repository\org\mongodb\bson\3.0.4\bson-3.0.4.jar;C:\Users\Becky\.m2\repository\org\mongodb\mongodb-driver-core\3.0.4\mongodb-driver-core-3.0.4.jar;C:\Users\Becky\.m2\repository\commons-io\commons-io\2.6\commons-io-2.6.jar;"/>
    <property name="sun.cpu.endian" value="little"/>
    <property name="user.home" value="C:\Users\Becky"/>
    <property name="user.language" value="en"/>
    <property name="java.specification.vendor" value="Oracle Corporation"/>
    <property name="java.version.date" value="2022-10-18"/>
    <property name="java.home" value="C:\Program Files\Java\jdk-11.0.17"/>
    <property name="file.separator" value="\"/>
    <property name="basedir" value="C:\Grandon\Workspace\AutomationTestingMasterProgram\Selenium_Maven"/>
    <property name="java.vm.compressedOopsMode" value="Zero based"/>
    <property name="line.separator" value="&#10;"/>
    <property name="java.specification.name" value="Java Platform API Specification"/>
    <property name="java.vm.specification.vendor" value="Oracle Corporation"/>
    <property name="java.awt.graphicsenv" value="sun.awt.Win32GraphicsEnvironment"/>
    <property name="surefire.real.class.path" value="C:\Users\Becky\AppData\Local\Temp\surefire5496727751162304760\surefirebooter12242365160649706648.jar"/>
    <property name="user.script" value=""/>
    <property name="sun.management.compiler" value="HotSpot 64-Bit Tiered Compilers"/>
    <property name="java.runtime.version" value="11.0.17+10-LTS-269"/>
    <property name="user.name" value="Becky"/>
    <property name="path.separator" value=";"/>
    <property name="os.version" value="10.0"/>
    <property name="java.runtime.name" value="Java(TM) SE Runtime Environment"/>
    <property name="file.encoding" value="Cp1252"/>
    <property name="java.vm.name" value="Java HotSpot(TM) 64-Bit Server VM"/>
    <property name="java.vendor.version" value="18.9"/>
    <property name="localRepository" value="C:\Users\Becky\.m2\repository"/>
    <property name="java.vendor.url.bug" value="https://bugreport.java.com/bugreport/"/>
    <property name="java.io.tmpdir" value="C:\Users\Becky\AppData\Local\Temp\"/>
    <property name="java.version" value="11.0.17"/>
    <property name="user.dir" value="C:\Grandon\Workspace\AutomationTestingMasterProgram\Selenium_Maven"/>
    <property name="os.arch" value="amd64"/>
    <property name="java.vm.specification.name" value="Java Virtual Machine Specification"/>
    <property name="java.awt.printerjob" value="sun.awt.windows.WPrinterJob"/>
    <property name="sun.os.patch.level" value=""/>
    <property name="java.library.path" value="C:\Program Files\Java\jdk-11.0.17\bin;C:\Windows\Sun\Java\bin;C:\Windows\system32;C:\Windows;C:\Grandon\Course\Automation Testing Masters Program\Course Resources\Libraries\apache-maven-3.8.6-bin\apache-maven-3.8.6/bin;C:\Python311\Scripts\;C:\Python311\;C:\Windows\system32;C:\Windows;C:\Windows\System32\Wbem;C:\Windows\System32\WindowsPowerShell\v1.0\;C:\Windows\System32\OpenSSH\;C:\Program Files (x86)\NVIDIA Corporation\PhysX\Common;C:\Program Files\NVIDIA Corporation\NVIDIA NvDLISR;C:\Program Files\Git\cmd;C:\Grandon\Course\Automation Testing Masters Program\Course Resources\Libraries\apache-maven-3.8.6-bin\apache-maven-3.8.6\bin;C:\Program Files\MySQL\MySQL Server 8.0\bin;C:\Program Files\nodejs\;C:\ProgramData\chocolatey\bin;C:\Users\Becky\AppData\Local\Android\Sdk\tools;C:\Users\Becky\AppData\Local\Android\Sdk\tools\bin;C:\Users\Becky\AppData\Local\Android\Sdk\platforms;C:\Users\Becky\AppData\Local\Android\Sdk\platform-tools;C:\Program Files\Java\jdk-11.0.17\bin;C:\Users\Becky\AppData\Local\Microsoft\WindowsApps;C:\Users\Becky\AppData\Roaming\npm;."/>
    <property name="java.vendor" value="Oracle Corporation"/>
    <property name="java.vm.info" value="mixed mode"/>
    <property name="java.vm.version" value="11.0.17+10-LTS-269"/>
    <property name="sun.io.unicode.encoding" value="UnicodeLittle"/>
    <property name="java.class.version" value="55.0"/>
  </properties>
  <testcase name="SetUp[public void testcases.SimplilearnLoginTest.Test1()](0)" classname="testcases.SimplilearnLoginTest" time="2.382">
    <failure message="session not created: This version of ChromeDriver only supports Chrome version 105&#10;Current browser version is 111.0.5563.65 with binary path C:\Program Files\Google\Chrome\Application\chrome.exe&#10;Build info: version: &apos;3.141.59&apos;, revision: &apos;e82be7d358&apos;, time: &apos;2018-11-14T08:17:03&apos;&#10;System info: host: &apos;DESKTOP-0AAQTU0&apos;, ip: &apos;192.168.2.18&apos;, os.name: &apos;Windows 10&apos;, os.arch: &apos;amd64&apos;, os.version: &apos;10.0&apos;, java.version: &apos;11.0.17&apos;&#10;Driver info: driver.version: ChromeDriver&#10;remote stacktrace: Backtrace:&#10;	Ordinal0 [0x0053DF13+2219795]&#10;	Ordinal0 [0x004D2841+1779777]&#10;	Ordinal0 [0x003E423D+803389]&#10;	Ordinal0 [0x004064AC+943276]&#10;	Ordinal0 [0x004019F0+924144]&#10;	Ordinal0 [0x003FF179+913785]&#10;	Ordinal0 [0x004336B9+1128121]&#10;	Ordinal0 [0x0043331A+1127194]&#10;	Ordinal0 [0x0042E616+1107478]&#10;	Ordinal0 [0x00407F89+950153]&#10;	Ordinal0 [0x00408F56+954198]&#10;	GetHandleVerifier [0x00832CB2+3040210]&#10;	GetHandleVerifier [0x00822BB4+2974420]&#10;	GetHandleVerifier [0x005D6A0A+565546]&#10;	GetHandleVerifier [0x005D5680+560544]&#10;	Ordinal0 [0x004D9A5C+1808988]&#10;	Ordinal0 [0x004DE3A8+1827752]&#10;	Ordinal0 [0x004DE495+1827989]&#10;	Ordinal0 [0x004E80A4+1867940]&#10;	BaseThreadInitThunk [0x768000F9+25]&#10;	RtlGetAppContainerNamedObjectPath [0x77D87BBE+286]&#10;	RtlGetAppContainerNamedObjectPath [0x77D87B8E+238]&#10;" type="org.openqa.selenium.SessionNotCreatedException"><![CDATA[org.openqa.selenium.SessionNotCreatedException: 
session not created: This version of ChromeDriver only supports Chrome version 105
Current browser version is 111.0.5563.65 with binary path C:\Program Files\Google\Chrome\Application\chrome.exe
Build info: version: '3.141.59', revision: 'e82be7d358', time: '2018-11-14T08:17:03'
System info: host: 'DESKTOP-0AAQTU0', ip: '192.168.2.18', os.name: 'Windows 10', os.arch: 'amd64', os.version: '10.0', java.version: '11.0.17'
Driver info: driver.version: ChromeDriver
remote stacktrace: Backtrace:
	Ordinal0 [0x0053DF13+2219795]
	Ordinal0 [0x004D2841+1779777]
	Ordinal0 [0x003E423D+803389]
	Ordinal0 [0x004064AC+943276]
	Ordinal0 [0x004019F0+924144]
	Ordinal0 [0x003FF179+913785]
	Ordinal0 [0x004336B9+1128121]
	Ordinal0 [0x0043331A+1127194]
	Ordinal0 [0x0042E616+1107478]
	Ordinal0 [0x00407F89+950153]
	Ordinal0 [0x00408F56+954198]
	GetHandleVerifier [0x00832CB2+3040210]
	GetHandleVerifier [0x00822BB4+2974420]
	GetHandleVerifier [0x005D6A0A+565546]
	GetHandleVerifier [0x005D5680+560544]
	Ordinal0 [0x004D9A5C+1808988]
	Ordinal0 [0x004DE3A8+1827752]
	Ordinal0 [0x004DE495+1827989]
	Ordinal0 [0x004E80A4+1867940]
	BaseThreadInitThunk [0x768000F9+25]
	RtlGetAppContainerNamedObjectPath [0x77D87BBE+286]
	RtlGetAppContainerNamedObjectPath [0x77D87B8E+238]

]]></failure>
    <system-out><![CDATA[[TestNGContentHandler] [WARN] It is strongly recommended to add "<!DOCTYPE suite SYSTEM "http://testng.org/testng-1.0.dtd" >" at the top of your file, otherwise TestNG may fail or not work as expected.
Inside Before Test
]]></system-out>
    <system-err><![CDATA[Starting ChromeDriver 105.0.5195.52 (412c95e518836d8a7d97250d62b29c2ae6a26a85-refs/branch-heads/5195@{#853}) on port 24258
Only local connections are allowed.
Please see https://chromedriver.chromium.org/security-considerations for suggestions on keeping ChromeDriver safe.
ChromeDriver was started successfully.
]]></system-err>
  </testcase>
  <testcase name="Test1" classname="testcases.SimplilearnLoginTest" time="0">
    <skipped message="session not created: This version of ChromeDriver only supports Chrome version 105&#10;Current browser version is 111.0.5563.65 with binary path C:\Program Files\Google\Chrome\Application\chrome.exe&#10;Build info: version: &apos;3.141.59&apos;, revision: &apos;e82be7d358&apos;, time: &apos;2018-11-14T08:17:03&apos;&#10;System info: host: &apos;DESKTOP-0AAQTU0&apos;, ip: &apos;192.168.2.18&apos;, os.name: &apos;Windows 10&apos;, os.arch: &apos;amd64&apos;, os.version: &apos;10.0&apos;, java.version: &apos;11.0.17&apos;&#10;Driver info: driver.version: ChromeDriver&#10;remote stacktrace: Backtrace:&#10;	Ordinal0 [0x0053DF13+2219795]&#10;	Ordinal0 [0x004D2841+1779777]&#10;	Ordinal0 [0x003E423D+803389]&#10;	Ordinal0 [0x004064AC+943276]&#10;	Ordinal0 [0x004019F0+924144]&#10;	Ordinal0 [0x003FF179+913785]&#10;	Ordinal0 [0x004336B9+1128121]&#10;	Ordinal0 [0x0043331A+1127194]&#10;	Ordinal0 [0x0042E616+1107478]&#10;	Ordinal0 [0x00407F89+950153]&#10;	Ordinal0 [0x00408F56+954198]&#10;	GetHandleVerifier [0x00832CB2+3040210]&#10;	GetHandleVerifier [0x00822BB4+2974420]&#10;	GetHandleVerifier [0x005D6A0A+565546]&#10;	GetHandleVerifier [0x005D5680+560544]&#10;	Ordinal0 [0x004D9A5C+1808988]&#10;	Ordinal0 [0x004DE3A8+1827752]&#10;	Ordinal0 [0x004DE495+1827989]&#10;	Ordinal0 [0x004E80A4+1867940]&#10;	BaseThreadInitThunk [0x768000F9+25]&#10;	RtlGetAppContainerNamedObjectPath [0x77D87BBE+286]&#10;	RtlGetAppContainerNamedObjectPath [0x77D87B8E+238]&#10;"/>
  </testcase>
  <testcase name="TearDown" classname="testcases.SimplilearnLoginTest" time="0">
    <skipped/>
  </testcase>
  <testcase name="TearDown" classname="testcases.SimplilearnLoginTest" time="0">
    <skipped/>
  </testcase>
  <testcase name="TearDown" classname="testcases.SimplilearnLoginTest" time="0">
    <skipped/>
  </testcase>
  <testcase name="SetUp" classname="testcases.SimplilearnLoginTest" time="0">
    <skipped/>
  </testcase>
  <testcase name="SetUp" classname="testcases.SimplilearnLoginTest" time="0">
    <skipped/>
  </testcase>
  <testcase name="Test2" classname="testcases.SimplilearnLoginTest" time="0">
    <skipped message="session not created: This version of ChromeDriver only supports Chrome version 105&#10;Current browser version is 111.0.5563.65 with binary path C:\Program Files\Google\Chrome\Application\chrome.exe&#10;Build info: version: &apos;3.141.59&apos;, revision: &apos;e82be7d358&apos;, time: &apos;2018-11-14T08:17:03&apos;&#10;System info: host: &apos;DESKTOP-0AAQTU0&apos;, ip: &apos;192.168.2.18&apos;, os.name: &apos;Windows 10&apos;, os.arch: &apos;amd64&apos;, os.version: &apos;10.0&apos;, java.version: &apos;11.0.17&apos;&#10;Driver info: driver.version: ChromeDriver&#10;remote stacktrace: Backtrace:&#10;	Ordinal0 [0x0053DF13+2219795]&#10;	Ordinal0 [0x004D2841+1779777]&#10;	Ordinal0 [0x003E423D+803389]&#10;	Ordinal0 [0x004064AC+943276]&#10;	Ordinal0 [0x004019F0+924144]&#10;	Ordinal0 [0x003FF179+913785]&#10;	Ordinal0 [0x004336B9+1128121]&#10;	Ordinal0 [0x0043331A+1127194]&#10;	Ordinal0 [0x0042E616+1107478]&#10;	Ordinal0 [0x00407F89+950153]&#10;	Ordinal0 [0x00408F56+954198]&#10;	GetHandleVerifier [0x00832CB2+3040210]&#10;	GetHandleVerifier [0x00822BB4+2974420]&#10;	GetHandleVerifier [0x005D6A0A+565546]&#10;	GetHandleVerifier [0x005D5680+560544]&#10;	Ordinal0 [0x004D9A5C+1808988]&#10;	Ordinal0 [0x004DE3A8+1827752]&#10;	Ordinal0 [0x004DE495+1827989]&#10;	Ordinal0 [0x004E80A4+1867940]&#10;	BaseThreadInitThunk [0x768000F9+25]&#10;	RtlGetAppContainerNamedObjectPath [0x77D87BBE+286]&#10;	RtlGetAppContainerNamedObjectPath [0x77D87B8E+238]&#10;"/>
  </testcase>
  <testcase name="Test3" classname="testcases.SimplilearnLoginTest" time="0">
    <skipped message="session not created: This version of ChromeDriver only supports Chrome version 105&#10;Current browser version is 111.0.5563.65 with binary path C:\Program Files\Google\Chrome\Application\chrome.exe&#10;Build info: version: &apos;3.141.59&apos;, revision: &apos;e82be7d358&apos;, time: &apos;2018-11-14T08:17:03&apos;&#10;System info: host: &apos;DESKTOP-0AAQTU0&apos;, ip: &apos;192.168.2.18&apos;, os.name: &apos;Windows 10&apos;, os.arch: &apos;amd64&apos;, os.version: &apos;10.0&apos;, java.version: &apos;11.0.17&apos;&#10;Driver info: driver.version: ChromeDriver&#10;remote stacktrace: Backtrace:&#10;	Ordinal0 [0x0053DF13+2219795]&#10;	Ordinal0 [0x004D2841+1779777]&#10;	Ordinal0 [0x003E423D+803389]&#10;	Ordinal0 [0x004064AC+943276]&#10;	Ordinal0 [0x004019F0+924144]&#10;	Ordinal0 [0x003FF179+913785]&#10;	Ordinal0 [0x004336B9+1128121]&#10;	Ordinal0 [0x0043331A+1127194]&#10;	Ordinal0 [0x0042E616+1107478]&#10;	Ordinal0 [0x00407F89+950153]&#10;	Ordinal0 [0x00408F56+954198]&#10;	GetHandleVerifier [0x00832CB2+3040210]&#10;	GetHandleVerifier [0x00822BB4+2974420]&#10;	GetHandleVerifier [0x005D6A0A+565546]&#10;	GetHandleVerifier [0x005D5680+560544]&#10;	Ordinal0 [0x004D9A5C+1808988]&#10;	Ordinal0 [0x004DE3A8+1827752]&#10;	Ordinal0 [0x004DE495+1827989]&#10;	Ordinal0 [0x004E80A4+1867940]&#10;	BaseThreadInitThunk [0x768000F9+25]&#10;	RtlGetAppContainerNamedObjectPath [0x77D87BBE+286]&#10;	RtlGetAppContainerNamedObjectPath [0x77D87B8E+238]&#10;"/>
  </testcase>
</testsuite>